[2023-02-26 15:04:35,338] {taskinstance.py:1159} INFO - Dependencies all met for <TaskInstance: get_taxi_availability.taxi_api_to_db manual__2023-02-26T15:03:29.758151+00:00 [queued]>
[2023-02-26 15:04:35,345] {taskinstance.py:1159} INFO - Dependencies all met for <TaskInstance: get_taxi_availability.taxi_api_to_db manual__2023-02-26T15:03:29.758151+00:00 [queued]>
[2023-02-26 15:04:35,346] {taskinstance.py:1356} INFO - 
--------------------------------------------------------------------------------
[2023-02-26 15:04:35,346] {taskinstance.py:1357} INFO - Starting attempt 3 of 3
[2023-02-26 15:04:35,346] {taskinstance.py:1358} INFO - 
--------------------------------------------------------------------------------
[2023-02-26 15:04:35,357] {taskinstance.py:1377} INFO - Executing <Task(PythonOperator): taxi_api_to_db> on 2023-02-26 15:03:29.758151+00:00
[2023-02-26 15:04:35,361] {standard_task_runner.py:52} INFO - Started process 7382 to run task
[2023-02-26 15:04:35,364] {standard_task_runner.py:79} INFO - Running: ['***', 'tasks', 'run', 'get_taxi_availability', 'taxi_api_to_db', 'manual__2023-02-26T15:03:29.758151+00:00', '--job-id', '49', '--raw', '--subdir', 'DAGS_FOLDER/get_taxi_availability.py', '--cfg-path', '/tmp/tmpz3js431s', '--error-file', '/tmp/tmpacxwz_w2']
[2023-02-26 15:04:35,365] {standard_task_runner.py:80} INFO - Job 49: Subtask taxi_api_to_db
[2023-02-26 15:04:35,403] {task_command.py:370} INFO - Running <TaskInstance: get_taxi_availability.taxi_api_to_db manual__2023-02-26T15:03:29.758151+00:00 [running]> on host 0337baec7fd8
[2023-02-26 15:04:35,452] {taskinstance.py:1571} INFO - Exporting the following env vars:
AIRFLOW_CTX_DAG_OWNER=***
AIRFLOW_CTX_DAG_ID=get_taxi_availability
AIRFLOW_CTX_TASK_ID=taxi_api_to_db
AIRFLOW_CTX_EXECUTION_DATE=2023-02-26T15:03:29.758151+00:00
AIRFLOW_CTX_TRY_NUMBER=3
AIRFLOW_CTX_DAG_RUN_ID=manual__2023-02-26T15:03:29.758151+00:00
[2023-02-26 15:04:36,177] {logging_mixin.py:115} INFO - Succesful connection with API.
[2023-02-26 15:04:36,178] {logging_mixin.py:115} INFO - -------------------------------
[2023-02-26 15:04:36,185] {logging_mixin.py:115} INFO - INSERT INTO db1.features (type, features, crs_type, crs_properties_href, crs_properties_type) VALUES ('FeatureCollection', nan, 'link', 'http://spatialreference.org/ref/epsg/4326/ogcwkt/', 'ogcwkt');
[2023-02-26 15:04:36,185] {python.py:173} INFO - Done. Returned value was: None
[2023-02-26 15:04:36,195] {taskinstance.py:1400} INFO - Marking task as SUCCESS. dag_id=get_taxi_availability, task_id=taxi_api_to_db, execution_date=20230226T150329, start_date=20230226T150435, end_date=20230226T150436
[2023-02-26 15:04:36,221] {local_task_job.py:156} INFO - Task exited with return code 0
[2023-02-26 15:04:36,249] {local_task_job.py:273} INFO - 1 downstream tasks scheduled from follow-on schedule check
