[2023-02-26 15:06:02,054] {taskinstance.py:1159} INFO - Dependencies all met for <TaskInstance: get_taxi_availability.taxi_api_to_db scheduled__2023-02-26T15:03:00+00:00 [queued]>
[2023-02-26 15:06:02,060] {taskinstance.py:1159} INFO - Dependencies all met for <TaskInstance: get_taxi_availability.taxi_api_to_db scheduled__2023-02-26T15:03:00+00:00 [queued]>
[2023-02-26 15:06:02,061] {taskinstance.py:1356} INFO - 
--------------------------------------------------------------------------------
[2023-02-26 15:06:02,061] {taskinstance.py:1357} INFO - Starting attempt 1 of 3
[2023-02-26 15:06:02,061] {taskinstance.py:1358} INFO - 
--------------------------------------------------------------------------------
[2023-02-26 15:06:02,075] {taskinstance.py:1377} INFO - Executing <Task(PythonOperator): taxi_api_to_db> on 2023-02-26 15:03:00+00:00
[2023-02-26 15:06:02,135] {standard_task_runner.py:52} INFO - Started process 7452 to run task
[2023-02-26 15:06:02,139] {standard_task_runner.py:79} INFO - Running: ['***', 'tasks', 'run', 'get_taxi_availability', 'taxi_api_to_db', 'scheduled__2023-02-26T15:03:00+00:00', '--job-id', '50', '--raw', '--subdir', 'DAGS_FOLDER/get_taxi_availability.py', '--cfg-path', '/tmp/tmptsjli3aw', '--error-file', '/tmp/tmpxnlhmmrd']
[2023-02-26 15:06:02,140] {standard_task_runner.py:80} INFO - Job 50: Subtask taxi_api_to_db
[2023-02-26 15:06:02,156] {warnings.py:110} WARNING - /home/***/.local/lib/python3.7/site-packages/***/configuration.py:525: DeprecationWarning: The sql_alchemy_conn option in [core] has been moved to the sql_alchemy_conn option in [database] - the old setting has been used, but please update your config.
  option = self._get_environment_variables(deprecated_key, deprecated_section, key, section)

[2023-02-26 15:06:02,197] {task_command.py:370} INFO - Running <TaskInstance: get_taxi_availability.taxi_api_to_db scheduled__2023-02-26T15:03:00+00:00 [running]> on host 0337baec7fd8
[2023-02-26 15:06:02,283] {taskinstance.py:1571} INFO - Exporting the following env vars:
AIRFLOW_CTX_DAG_OWNER=***
AIRFLOW_CTX_DAG_ID=get_taxi_availability
AIRFLOW_CTX_TASK_ID=taxi_api_to_db
AIRFLOW_CTX_EXECUTION_DATE=2023-02-26T15:03:00+00:00
AIRFLOW_CTX_TRY_NUMBER=1
AIRFLOW_CTX_DAG_RUN_ID=scheduled__2023-02-26T15:03:00+00:00
[2023-02-26 15:06:03,545] {logging_mixin.py:115} INFO - Succesful connection with API.
[2023-02-26 15:06:03,546] {logging_mixin.py:115} INFO - -------------------------------
[2023-02-26 15:06:03,552] {logging_mixin.py:115} INFO - INSERT INTO db1.features (type, features, crs_type, crs_properties_href, crs_properties_type) VALUES ('FeatureCollection', nan, 'link', 'http://spatialreference.org/ref/epsg/4326/ogcwkt/', 'ogcwkt');
[2023-02-26 15:06:03,552] {python.py:173} INFO - Done. Returned value was: None
[2023-02-26 15:06:03,564] {taskinstance.py:1400} INFO - Marking task as SUCCESS. dag_id=get_taxi_availability, task_id=taxi_api_to_db, execution_date=20230226T150300, start_date=20230226T150602, end_date=20230226T150603
[2023-02-26 15:06:03,597] {local_task_job.py:156} INFO - Task exited with return code 0
[2023-02-26 15:06:03,627] {local_task_job.py:273} INFO - 0 downstream tasks scheduled from follow-on schedule check
